#
# There is insufficient memory for the Java Runtime Environment to continue.
# Native memory allocation (mmap) failed to map 132120576 bytes for G1 virtual space
# Possible reasons:
#   The system is out of physical RAM or swap space
#   The process is running with CompressedOops enabled, and the Java Heap may be blocking the growth of the native heap
# Possible solutions:
#   Reduce memory load on the system
#   Increase physical memory or swap space
#   Check if swap backing store is full
#   Decrease Java heap size (-Xmx/-Xms)
#   Decrease number of Java threads
#   Decrease Java thread stack sizes (-Xss)
#   Set larger code cache with -XX:ReservedCodeCacheSize=
#   JVM is running with Unscaled Compressed Oops mode in which the Java heap is
#     placed in the first 4GB address space. The Java Heap base address is the
#     maximum limit for the native heap growth. Please use -XX:HeapBaseMinAddress
#     to set the Java Heap base and to place the Java Heap above 4GB virtual address.
# This output file may be truncated or incomplete.
#
#  Out of Memory Error (os_windows.cpp:3550), pid=2968, tid=16796
#
# JRE version:  (17.0.7+8) (build )
# Java VM: Java HotSpot(TM) 64-Bit Server VM (17.0.7+8-LTS-224, mixed mode, sharing, tiered, compressed oops, compressed class ptrs, g1 gc, windows-amd64)
# No core dump will be written. Minidumps are not enabled by default on client versions of Windows
#

---------------  S U M M A R Y ------------

Command Line: -javaagent:E:\ideaIU-2021.3.3.win\lib\idea_rt.jar=64866:E:\ideaIU-2021.3.3.win\bin -Dfile.encoding=UTF-8 com.aK103.spring6.iocxml.diTest.TestEmp

Host: Intel(R) Core(TM) i5-8250U CPU @ 1.60GHz, 8 cores, 7G,  Windows 10 , 64 bit Build 19041 (10.0.19041.2913)
Time: Fri May 19 22:20:43 2023  Windows 10 , 64 bit Build 19041 (10.0.19041.2913) elapsed time: 0.021405 seconds (0d 0h 0m 0s)

---------------  T H R E A D  ---------------

Current thread (0x000001d58caaaf50):  JavaThread "Unknown thread" [_thread_in_vm, id=16796, stack(0x0000005114000000,0x0000005114100000)]

Stack: [0x0000005114000000,0x0000005114100000]
Native frames: (J=compiled Java code, j=interpreted, Vv=VM code, C=native code)
V  [jvm.dll+0x676a4a]
V  [jvm.dll+0x7d74f4]
V  [jvm.dll+0x7d8c9e]
V  [jvm.dll+0x7d9303]
V  [jvm.dll+0x2452c5]
V  [jvm.dll+0x6738f9]
V  [jvm.dll+0x668232]
V  [jvm.dll+0x302826]
V  [jvm.dll+0x309da6]
V  [jvm.dll+0x35952e]
V  [jvm.dll+0x35975f]
V  [jvm.dll+0x2d9a38]
V  [jvm.dll+0x2da9a4]
V  [jvm.dll+0x7a8fb1]
V  [jvm.dll+0x3670e1]
V  [jvm.dll+0x788359]
V  [jvm.dll+0x3ea5ef]
V  [jvm.dll+0x3ec071]
C  [jli.dll+0x5297]
C  [ucrtbase.dll+0x21bb2]
C  [KERNEL32.DLL+0x17614]
C  [ntdll.dll+0x526a1]


---------------  P R O C E S S  ---------------

Threads class SMR info:
_java_thread_list=0x00007ffd18fb4998, length=0, elements={
}

Java Threads: ( => current thread )

Other Threads:
  0x000001d58cb04fb0 GCTaskThread "GC Thread#0" [stack: 0x0000005114100000,0x0000005114200000] [id=18220]
  0x000001d58cb159f0 ConcurrentGCThread "G1 Main Marker" [stack: 0x0000005114200000,0x0000005114300000] [id=18660]
  0x000001d58cb17410 ConcurrentGCThread "G1 Conc#0" [stack: 0x0000005114300000,0x0000005114400000] [id=2500]

[error occurred during error reporting (printing all threads), id 0xc0000005, EXCEPTION_ACCESS_VIOLATION (0xc0000005) at pc=0x00007ffd187ea697]

VM state: not at safepoint (not fully initialized)

VM Mutex/Monitor currently owned by a thread:  ([mutex/lock_event])
[0x000001d58caa4610] Heap_lock - owner thread: 0x000001d58caaaf50

Heap address: 0x0000000082800000, size: 2008 MB, Compressed Oops mode: 32-bit

CDS archive(s) mapped at: [0x0000000000000000-0x0000000000000000-0x0000000000000000), size 0, SharedBaseAddress: 0x0000000800000000, ArchiveRelocationMode: 0.
Narrow klass base: 0x0000000000000000, Narrow klass shift: 0, Narrow klass range: 0x0

GC Precious Log:
<Empty>

Heap:
 garbage-first heap   total 0K, used 0K [0x0000000082800000, 0x0000000100000000)
  region size 1024K, 0 young (0K), 0 survivors (0K)

[error occurred during error reporting (printing heap information), id 0xc0000005, EXCEPTION_ACCESS_VIOLATION (0xc0000005) at pc=0x00007ffd18bd00b9]

GC Heap History (0 events):
No events

Deoptimization events (0 events):
No events

Classes unloaded (0 events):
No events

Classes redefined (0 events):
No events

Internal exceptions (0 events):
No events

VM Operations (0 events):
No events

Events (1 events):
Event: 0.015 Loaded shared library C:\Program Files\Java\jdk-17\bin\java.dll


Dynamic libraries:
0x00007ff6bb8a0000 - 0x00007ff6bb8b0000 	C:\Program Files\Java\jdk-17\bin\java.exe
0x00007ffd63090000 - 0x00007ffd63288000 	C:\WINDOWS\SYSTEM32\ntdll.dll
0x00007ffd62980000 - 0x00007ffd62a3f000 	C:\WINDOWS\System32\KERNEL32.DLL
0x00007ffd609c0000 - 0x00007ffd60cb6000 	C:\WINDOWS\System32\KERNELBASE.dll
0x00007ffd5d220000 - 0x00007ffd5d2b1000 	C:\WINDOWS\SYSTEM32\apphelp.dll
0x00007ffd60e30000 - 0x00007ffd60f30000 	C:\WINDOWS\System32\ucrtbase.dll
0x00007ffd5c010000 - 0x00007ffd5c029000 	C:\Program Files\Java\jdk-17\bin\jli.dll
0x00007ffd610b0000 - 0x00007ffd6115f000 	C:\WINDOWS\System32\ADVAPI32.dll
0x00007ffd61e70000 - 0x00007ffd61f0e000 	C:\WINDOWS\System32\msvcrt.dll
0x00007ffd4d130000 - 0x00007ffd4d14b000 	C:\Program Files\Java\jdk-17\bin\VCRUNTIME140.dll
0x00007ffd62fb0000 - 0x00007ffd6304c000 	C:\WINDOWS\System32\sechost.dll
0x00007ffd62a40000 - 0x00007ffd62b66000 	C:\WINDOWS\System32\RPCRT4.dll
0x00007ffd62090000 - 0x00007ffd6222d000 	C:\WINDOWS\System32\USER32.dll
0x00007ffd60520000 - 0x00007ffd60542000 	C:\WINDOWS\System32\win32u.dll
0x00007ffd61020000 - 0x00007ffd6104c000 	C:\WINDOWS\System32\GDI32.dll
0x00007ffd4bc30000 - 0x00007ffd4beca000 	C:\WINDOWS\WinSxS\amd64_microsoft.windows.common-controls_6595b64144ccf1df_6.0.19041.1110_none_60b5254171f9507e\COMCTL32.dll
0x00007ffd60400000 - 0x00007ffd60515000 	C:\WINDOWS\System32\gdi32full.dll
0x00007ffd605a0000 - 0x00007ffd6063d000 	C:\WINDOWS\System32\msvcp_win.dll
0x00007ffd59850000 - 0x00007ffd5985a000 	C:\WINDOWS\SYSTEM32\VERSION.dll
0x00007ffd60ff0000 - 0x00007ffd61020000 	C:\WINDOWS\System32\IMM32.DLL
0x00007ffd5c0e0000 - 0x00007ffd5c0ec000 	C:\Program Files\Java\jdk-17\bin\vcruntime140_1.dll
0x00007ffd359f0000 - 0x00007ffd35a7e000 	C:\Program Files\Java\jdk-17\bin\msvcp140.dll
0x00007ffd18500000 - 0x00007ffd190dd000 	C:\Program Files\Java\jdk-17\bin\server\jvm.dll
0x00007ffd61200000 - 0x00007ffd61208000 	C:\WINDOWS\System32\PSAPI.DLL
0x00007ffd4ba80000 - 0x00007ffd4ba89000 	C:\WINDOWS\SYSTEM32\WSOCK32.dll
0x00007ffd62010000 - 0x00007ffd6207b000 	C:\WINDOWS\System32\WS2_32.dll
0x00007ffd45800000 - 0x00007ffd45827000 	C:\WINDOWS\SYSTEM32\WINMM.dll
0x00007ffd609a0000 - 0x00007ffd609b2000 	C:\WINDOWS\System32\kernel.appcore.dll
0x00007ffd5ab10000 - 0x00007ffd5ab1a000 	C:\Program Files\Java\jdk-17\bin\jimage.dll
0x00007ffd5e320000 - 0x00007ffd5e504000 	C:\WINDOWS\SYSTEM32\DBGHELP.DLL
0x00007ffd4a160000 - 0x00007ffd4a194000 	C:\WINDOWS\SYSTEM32\dbgcore.DLL
0x00007ffd60640000 - 0x00007ffd606c2000 	C:\WINDOWS\System32\bcryptPrimitives.dll
0x00007ffd5a960000 - 0x00007ffd5a96e000 	C:\Program Files\Java\jdk-17\bin\instrument.dll
0x00007ffd44d40000 - 0x00007ffd44d65000 	C:\Program Files\Java\jdk-17\bin\java.dll

dbghelp: loaded successfully - version: 4.0.5 - missing functions: none
symbol engine: initialized successfully - sym options: 0x614 - pdb path: .;C:\Program Files\Java\jdk-17\bin;C:\WINDOWS\SYSTEM32;C:\WINDOWS\WinSxS\amd64_microsoft.windows.common-controls_6595b64144ccf1df_6.0.19041.1110_none_60b5254171f9507e;C:\Program Files\Java\jdk-17\bin\server

VM Arguments:
jvm_args: -javaagent:E:\ideaIU-2021.3.3.win\lib\idea_rt.jar=64866:E:\ideaIU-2021.3.3.win\bin -Dfile.encoding=UTF-8 
java_command: com.aK103.spring6.iocxml.diTest.TestEmp
java_class_path (initial): C:\Users\wy199\Desktop\Spring6-Learn-Record\Spring-IOC-XML\target\classes;C:\Users\wy199\.m2\repository\org\springframework\boot\spring-boot-starter\3.1.0\spring-boot-starter-3.1.0.jar;C:\Users\wy199\.m2\repository\org\springframework\boot\spring-boot\3.1.0\spring-boot-3.1.0.jar;C:\Users\wy199\.m2\repository\org\springframework\spring-context\6.0.9\spring-context-6.0.9.jar;C:\Users\wy199\.m2\repository\org\springframework\spring-aop\6.0.9\spring-aop-6.0.9.jar;C:\Users\wy199\.m2\repository\org\springframework\spring-beans\6.0.9\spring-beans-6.0.9.jar;C:\Users\wy199\.m2\repository\org\springframework\spring-expression\6.0.9\spring-expression-6.0.9.jar;C:\Users\wy199\.m2\repository\org\springframework\boot\spring-boot-autoconfigure\3.1.0\spring-boot-autoconfigure-3.1.0.jar;C:\Users\wy199\.m2\repository\org\springframework\boot\spring-boot-starter-logging\3.1.0\spring-boot-starter-logging-3.1.0.jar;C:\Users\wy199\.m2\repository\ch\qos\logback\logback-classic\1.4.7\logback-classic-1.4.7.jar;C:\Users\wy199\.m2\repository\ch\qos\logback\logback-core\1.4.7\logback-core-1.4.7.jar;C:\Users\wy199\.m2\repository\org\apache\logging\log4j\log4j-to-slf4j\2.20.0\log4j-to-slf4j-2.20.0.jar;C:\Users\wy199\.m2\repository\org\apache\logging\log4j\log4j-api\2.20.0\log4j-api-2.20.0.jar;C:\Users\wy199\.m2\repository\org\slf4j\jul-to-slf4j\2.0.7\jul-to-slf4j-2.0.7.jar;C:\Users\wy199\.m2\repository\jakarta\annotation\jakarta.annotation-api\2.1.1\jakarta.annotation-api-2.1.1.jar;C:\Users\wy199\.m2\repository\org\springframework\spring-core\6.0.9\spring-core-6.0.9.jar;C:\Users\wy199\.m2\repository\org\springframework\spring-jcl\6.0.9\spring-jcl-6.0.9.jar;C:\Users\wy199\.m2\repository\org\yaml\snakeyaml\1.33\snakeyaml-1.33.jar;C:\Users\wy199\.m2\repository\org\slf4j\slf4j-api\2.0.7\slf4j-api-2.0.7.jar
Launcher Type: SUN_STANDARD

[Global flags]
     intx CICompilerCount                          = 4                                         {product} {ergonomic}
     uint ConcGCThreads                            = 2                                         {product} {ergonomic}
     uint G1ConcRefinementThreads                  = 8                                         {product} {ergonomic}
   size_t G1HeapRegionSize                         = 1048576                                   {product} {ergonomic}
    uintx GCDrainStackTargetSize                   = 64                                        {product} {ergonomic}
   size_t InitialHeapSize                          = 132120576                                 {product} {ergonomic}
   size_t MarkStackSize                            = 4194304                                   {product} {ergonomic}
   size_t MaxHeapSize                              = 2105540608                                {product} {ergonomic}
   size_t MinHeapDeltaBytes                        = 1048576                                   {product} {ergonomic}
   size_t MinHeapSize                              = 8388608                                   {product} {ergonomic}
    uintx NonNMethodCodeHeapSize                   = 5839372                                {pd product} {ergonomic}
    uintx NonProfiledCodeHeapSize                  = 122909434                              {pd product} {ergonomic}
    uintx ProfiledCodeHeapSize                     = 122909434                              {pd product} {ergonomic}
    uintx ReservedCodeCacheSize                    = 251658240                              {pd product} {ergonomic}
     bool SegmentedCodeCache                       = true                                      {product} {ergonomic}
   size_t SoftMaxHeapSize                          = 2105540608                             {manageable} {ergonomic}
     bool UseCompressedClassPointers               = true                           {product lp64_product} {ergonomic}
     bool UseCompressedOops                        = true                           {product lp64_product} {ergonomic}
     bool UseG1GC                                  = true                                      {product} {ergonomic}
     bool UseLargePagesIndividualAllocation        = false                                  {pd product} {ergonomic}

Logging:
Log output configuration:
 #0: stdout all=warning uptime,level,tags
 #1: stderr all=off uptime,level,tags

Environment Variables:
JAVA_HOME=C:\Program Files\Java
CLASSPATH=.;C:\Program Files\Java\jre1.8.0_321\lib
PATH=C:\Program Files (x86)\Common Files\Oracle\Java\javapath;C:\WINDOWS\system32;C:\WINDOWS;C:\WINDOWS\System32\Wbem;C:\WINDOWS\System32\WindowsPowerShell\v1.0\;C:\WINDOWS\System32\OpenSSH\;E:\git\Git\cmd;E:\Node\;"C:\Program Files\Java\bin;";C:\Program Files\MongoDB\Server\5.0\bin;E:\微信开发者程序\微信web开发者工具\dll;E:\微信开发者程序\dll;E:\微信开发者工具\微信web开发者工具\dll;E:\Microsoft VS Code\bin；;E:\微信开发者工具\dll;E:\Node\;E:\Program Files (x86)\Tencent\微信web开发者工具\dll;"C:\Program Files\Java\jre1.8.0_321\bin;";C:\Program Files\dotnet\;C:\Program Files (x86)\Intel\Intel(R) Management Engine Components\DAL;C:\Program Files\Intel\Intel(R) Management Engine Components\DAL;E:\Soft\MySQL\mysql-8.0.33-winx64\bin;C:\Users\wy199\AppData\Local\Microsoft\WindowsApps;E:\Microsoft VS Code\bin;C:\Users\wy199\AppData\Roaming\npm
USERNAME=wy199
OS=Windows_NT
PROCESSOR_IDENTIFIER=Intel64 Family 6 Model 142 Stepping 10, GenuineIntel



---------------  S Y S T E M  ---------------

OS:
 Windows 10 , 64 bit Build 19041 (10.0.19041.2913)
OS uptime: 4 days 23:41 hours

CPU: total 8 (initial active 8) (4 cores per cpu, 2 threads per core) family 6 model 142 stepping 10 microcode 0xf0, cx8, cmov, fxsr, ht, mmx, 3dnowpref, sse, sse2, sse3, ssse3, sse4.1, sse4.2, popcnt, lzcnt, tsc, tscinvbit, avx, avx2, aes, erms, clmul, bmi1, bmi2, adx, fma, vzeroupper, clflush, clflushopt

Memory: 4k page, system-wide physical 8025M (275M free)
TotalPageFile size 16775M (AvailPageFile size 32M)
current process WorkingSet (physical memory assigned to process): 11M, peak: 11M
current process commit charge ("private bytes"): 60M, peak: 186M

vm_info: Java HotSpot(TM) 64-Bit Server VM (17.0.7+8-LTS-224) for windows-amd64 JRE (17.0.7+8-LTS-224), built on Feb 28 2023 23:03:02 by "mach5one" with MS VC++ 17.1 (VS2022)

END.
